
<<<<<<< HEAD
=== Wed Jun  5 14:56:17 2019

Packages were changed.
Update Mode: mergeDefaultDependencies

The following packages were added:
  com.unity.purchasing@2.0.6
The following packages were updated:
  com.unity.analytics from version 3.2.2 to 3.3.2
  com.unity.collab-proxy from version 1.2.9 to 1.2.16
  com.unity.package-manager-ui from version 2.1.1 to 2.1.2
  com.unity.textmeshpro from version 1.3.0 to 2.0.0
=======
=== Thu Jun  6 22:58:20 2019

Packages were changed.
Update Mode: updateDependencies

The following packages were updated:
  com.unity.xr.legacyinputhelpers from version 1.0.0 to 2.0.2
  com.unity.xr.oculus.standalone from version 1.29.0 to 1.29.1
  com.unity.xr.openvr.standalone from version 1.0.2 to 1.0.5
>>>>>>> 726af6d276b11f136a11fdbe3e67d0e550007c25
